# Logfile created on 2017-11-05 15:47:22 +0100 by logger.rb/41954
  INFO ---------------------------------------------------------------------------
  INFO START 2017-11-05 15:47:22 +0100 cap production deploy
  INFO ---------------------------------------------------------------------------
  INFO [09e0915a] Running /usr/bin/env mkdir -p /tmp as @
 DEBUG [09e0915a] Command: /usr/bin/env mkdir -p /tmp
  INFO [e1accd52] Running /usr/bin/env #<StringIO:0x007f939305f310> /tmp/git-ssh-foot5x5-production-Eti.sh as @
 DEBUG [e1accd52] Command: /usr/bin/env #<StringIO:0x007f939305f310> /tmp/git-ssh-foot5x5-production-Eti.sh
  INFO [3123652f] Running /usr/bin/env chmod 700 /tmp/git-ssh-foot5x5-production-Eti.sh as @
 DEBUG [3123652f] Command: /usr/bin/env chmod 700 /tmp/git-ssh-foot5x5-production-Eti.sh
  INFO [c6135bed] Running /usr/bin/env git ls-remote https://github.com/etistav/foot5x5.git HEAD as @
 DEBUG [c6135bed] Command: ( export GIT_ASKPASS="/bin/echo" GIT_SSH="/tmp/git-ssh-foot5x5-production-Eti.sh" ; /usr/bin/env git ls-remote https://github.com/etistav/foot5x5.git HEAD )
  INFO [e7222b3c] Running /usr/bin/env mkdir -p /home/footxfrsil/foot5x5/shared /home/footxfrsil/foot5x5/releases as @
 DEBUG [e7222b3c] Command: /usr/bin/env mkdir -p /home/footxfrsil/foot5x5/shared /home/footxfrsil/foot5x5/releases
 DEBUG [4b0073f1] Running [ -f /home/footxfrsil/foot5x5/current/REVISION ] as @
 DEBUG [4b0073f1] Command: [ -f /home/footxfrsil/foot5x5/current/REVISION ]
 DEBUG [7cd7632d] Running /usr/bin/env cat /home/footxfrsil/foot5x5/current/REVISION 2>/dev/null as @
 DEBUG [7cd7632d] Command: /usr/bin/env cat /home/footxfrsil/foot5x5/current/REVISION 2>/dev/null
 DEBUG [282a0957] Running [ -f /home/footxfrsil/foot5x5/repo/HEAD ] as @
 DEBUG [282a0957] Command: [ -f /home/footxfrsil/foot5x5/repo/HEAD ]
  INFO The repository mirror is at /home/footxfrsil/foot5x5/repo
 DEBUG [02d5a260] Running if test ! -d /home/footxfrsil/foot5x5/repo; then echo "Directory does not exist '/home/footxfrsil/foot5x5/repo'" 1>&2; false; fi as @
 DEBUG [02d5a260] Command: if test ! -d /home/footxfrsil/foot5x5/repo; then echo "Directory does not exist '/home/footxfrsil/foot5x5/repo'" 1>&2; false; fi
  INFO [9fd41175] Running /usr/bin/env git remote set-url origin https://github.com/etistav/foot5x5.git as @
 DEBUG [9fd41175] Command: cd /home/footxfrsil/foot5x5/repo && ( export GIT_ASKPASS="/bin/echo" GIT_SSH="/tmp/git-ssh-foot5x5-production-Eti.sh" ; /usr/bin/env git remote set-url origin https://github.com/etistav/foot5x5.git )
  INFO [101817fe] Running /usr/bin/env git remote update --prune as @
 DEBUG [101817fe] Command: cd /home/footxfrsil/foot5x5/repo && ( export GIT_ASKPASS="/bin/echo" GIT_SSH="/tmp/git-ssh-foot5x5-production-Eti.sh" ; /usr/bin/env git remote update --prune )
 DEBUG [ddebe645] Running if test ! -d /home/footxfrsil/foot5x5/repo; then echo "Directory does not exist '/home/footxfrsil/foot5x5/repo'" 1>&2; false; fi as @
 DEBUG [ddebe645] Command: if test ! -d /home/footxfrsil/foot5x5/repo; then echo "Directory does not exist '/home/footxfrsil/foot5x5/repo'" 1>&2; false; fi
  INFO [ad1590ba] Running /usr/bin/env mkdir -p /home/footxfrsil/foot5x5/releases/20171105144722 as @
 DEBUG [ad1590ba] Command: cd /home/footxfrsil/foot5x5/repo && ( export GIT_ASKPASS="/bin/echo" GIT_SSH="/tmp/git-ssh-foot5x5-production-Eti.sh" ; /usr/bin/env mkdir -p /home/footxfrsil/foot5x5/releases/20171105144722 )
  INFO [99e32a44] Running /usr/bin/env git archive master | /usr/bin/env tar -x -f - -C /home/footxfrsil/foot5x5/releases/20171105144722 as @
 DEBUG [99e32a44] Command: cd /home/footxfrsil/foot5x5/repo && ( export GIT_ASKPASS="/bin/echo" GIT_SSH="/tmp/git-ssh-foot5x5-production-Eti.sh" ; /usr/bin/env git archive master | /usr/bin/env tar -x -f - -C /home/footxfrsil/foot5x5/releases/20171105144722 )
 DEBUG [88fe7d8e] Running if test ! -d /home/footxfrsil/foot5x5/repo; then echo "Directory does not exist '/home/footxfrsil/foot5x5/repo'" 1>&2; false; fi as @
 DEBUG [88fe7d8e] Command: if test ! -d /home/footxfrsil/foot5x5/repo; then echo "Directory does not exist '/home/footxfrsil/foot5x5/repo'" 1>&2; false; fi
 DEBUG [d415efb9] Running /usr/bin/env git rev-list --max-count=1 master as @
 DEBUG [d415efb9] Command: cd /home/footxfrsil/foot5x5/repo && ( export GIT_ASKPASS="/bin/echo" GIT_SSH="/tmp/git-ssh-foot5x5-production-Eti.sh" ; /usr/bin/env git rev-list --max-count=1 master )
 DEBUG [fae42015] Running if test ! -d /home/footxfrsil/foot5x5/releases/20171105144722; then echo "Directory does not exist '/home/footxfrsil/foot5x5/releases/20171105144722'" 1>&2; false; fi as @
 DEBUG [fae42015] Command: if test ! -d /home/footxfrsil/foot5x5/releases/20171105144722; then echo "Directory does not exist '/home/footxfrsil/foot5x5/releases/20171105144722'" 1>&2; false; fi
  INFO [f3751f70] Running /usr/bin/env echo "" >> REVISION as @
 DEBUG [f3751f70] Command: cd /home/footxfrsil/foot5x5/releases/20171105144722 && /usr/bin/env echo "" >> REVISION
  INFO [0bf9d960] Running /usr/bin/env ln -s /home/footxfrsil/foot5x5/releases/20171105144722 /home/footxfrsil/foot5x5/releases/current as @
 DEBUG [0bf9d960] Command: /usr/bin/env ln -s /home/footxfrsil/foot5x5/releases/20171105144722 /home/footxfrsil/foot5x5/releases/current
  INFO [f1adfc42] Running /usr/bin/env mv /home/footxfrsil/foot5x5/releases/current /home/footxfrsil/foot5x5 as @
 DEBUG [f1adfc42] Command: /usr/bin/env mv /home/footxfrsil/foot5x5/releases/current /home/footxfrsil/foot5x5
 DEBUG [3c4fc500] Running /usr/bin/env ls -x /home/footxfrsil/foot5x5/releases as @
 DEBUG [3c4fc500] Command: /usr/bin/env ls -x /home/footxfrsil/foot5x5/releases
 DEBUG [e4e83137] Running if test ! -d /home/footxfrsil/foot5x5/releases; then echo "Directory does not exist '/home/footxfrsil/foot5x5/releases'" 1>&2; false; fi as @
 DEBUG [e4e83137] Command: if test ! -d /home/footxfrsil/foot5x5/releases; then echo "Directory does not exist '/home/footxfrsil/foot5x5/releases'" 1>&2; false; fi
  INFO [b68aa6cf] Running /usr/bin/env echo "Branch master (at ) deployed as release 20171105144722 by Eti" >> /home/footxfrsil/foot5x5/revisions.log as @
 DEBUG [b68aa6cf] Command: cd /home/footxfrsil/foot5x5/releases && /usr/bin/env echo "Branch master (at ) deployed as release 20171105144722 by Eti" >> /home/footxfrsil/foot5x5/revisions.log
  INFO ---------------------------------------------------------------------------
  INFO START 2017-11-06 13:18:42 +0100 cap production deploy:check
  INFO ---------------------------------------------------------------------------
  INFO [0cadabf6] Running /usr/bin/env mkdir -p /tmp as @
 DEBUG [0cadabf6] Command: /usr/bin/env mkdir -p /tmp
  INFO ---------------------------------------------------------------------------
  INFO START 2017-11-06 13:22:42 +0100 cap production git:check
  INFO ---------------------------------------------------------------------------
  INFO [dce3a0c6] Running /usr/bin/env mkdir -p /tmp as @
 DEBUG [dce3a0c6] Command: /usr/bin/env mkdir -p /tmp
  INFO ---------------------------------------------------------------------------
  INFO START 2017-11-06 13:26:16 +0100 cap production git:check
  INFO ---------------------------------------------------------------------------
  INFO [124539e4] Running /usr/bin/env mkdir -p /tmp as @
 DEBUG [124539e4] Command: /usr/bin/env mkdir -p /tmp
  INFO ---------------------------------------------------------------------------
  INFO START 2017-11-06 13:26:26 +0100 cap production git:check
  INFO ---------------------------------------------------------------------------
  INFO [8edf06ed] Running /usr/bin/env mkdir -p /tmp as @
 DEBUG [8edf06ed] Command: /usr/bin/env mkdir -p /tmp
  INFO ---------------------------------------------------------------------------
  INFO START 2017-11-06 13:28:03 +0100 cap production git:check
  INFO ---------------------------------------------------------------------------
  INFO [56621ea4] Running /usr/bin/env mkdir -p /tmp as @
 DEBUG [56621ea4] Command: /usr/bin/env mkdir -p /tmp
  INFO ---------------------------------------------------------------------------
  INFO START 2017-11-06 13:36:31 +0100 cap production deploy:check
  INFO ---------------------------------------------------------------------------
  INFO [c7ce69cb] Running /usr/bin/env mkdir -p /tmp as footxfrsil@213.186.33.40
 DEBUG [c7ce69cb] Command: /usr/bin/env mkdir -p /tmp
  INFO ---------------------------------------------------------------------------
  INFO START 2017-11-06 13:45:26 +0100 cap production deploy:setup
  INFO ---------------------------------------------------------------------------
  INFO ---------------------------------------------------------------------------
  INFO START 2017-11-06 13:46:25 +0100 cap production doctor
  INFO ---------------------------------------------------------------------------
  INFO ---------------------------------------------------------------------------
  INFO START 2017-11-06 13:47:00 +0100 cap production deploy:check
  INFO ---------------------------------------------------------------------------
  INFO [ede7401b] Running /usr/bin/env mkdir -p /tmp as footxfrsil@213.186.33.40
 DEBUG [ede7401b] Command: /usr/bin/env mkdir -p /tmp
  INFO ---------------------------------------------------------------------------
  INFO START 2017-11-06 13:47:11 +0100 cap production deploy:check
  INFO ---------------------------------------------------------------------------
  INFO [f8e686da] Running /usr/bin/env mkdir -p /tmp as footxfrsil@213.186.33.40
 DEBUG [f8e686da] Command: /usr/bin/env mkdir -p /tmp
  INFO ---------------------------------------------------------------------------
  INFO START 2017-11-06 13:48:54 +0100 cap production git:check
  INFO ---------------------------------------------------------------------------
  INFO [52a1989d] Running /usr/bin/env mkdir -p /tmp as footxfrsil@213.186.33.40
 DEBUG [52a1989d] Command: /usr/bin/env mkdir -p /tmp
  INFO ---------------------------------------------------------------------------
  INFO START 2017-11-06 13:49:53 +0100 cap production deploy
  INFO ---------------------------------------------------------------------------
  INFO [329c1b29] Running /usr/bin/env mkdir -p /tmp as footxfrsil@213.186.33.40
 DEBUG [329c1b29] Command: /usr/bin/env mkdir -p /tmp
  INFO [dbe5dfdc] Running /usr/bin/env #<StringIO:0x007ffa92047f60> /tmp/git-ssh-foot5x5-production-Eti.sh as footxfrsil@213.186.33.40
 DEBUG [dbe5dfdc] Command: /usr/bin/env #<StringIO:0x007ffa92047f60> /tmp/git-ssh-foot5x5-production-Eti.sh
  INFO [143dc606] Running /usr/bin/env chmod 700 /tmp/git-ssh-foot5x5-production-Eti.sh as footxfrsil@213.186.33.40
 DEBUG [143dc606] Command: /usr/bin/env chmod 700 /tmp/git-ssh-foot5x5-production-Eti.sh
  INFO [c779da7c] Running /usr/bin/env git ls-remote git@github.com:etistav/foot5x5.git HEAD as footxfrsil@213.186.33.40
 DEBUG [c779da7c] Command: ( export GIT_ASKPASS="/bin/echo" GIT_SSH="/tmp/git-ssh-foot5x5-production-Eti.sh" ; /usr/bin/env git ls-remote git@github.com:etistav/foot5x5.git HEAD )
  INFO [9c5fdd6f] Running /usr/bin/env mkdir -p /home/footxfrsil/foot5x5/shared /home/footxfrsil/foot5x5/releases as footxfrsil@213.186.33.40
 DEBUG [9c5fdd6f] Command: /usr/bin/env mkdir -p /home/footxfrsil/foot5x5/shared /home/footxfrsil/foot5x5/releases
  INFO [a7676758] Running /usr/bin/env mkdir -p /home/footxfrsil/foot5x5/shared/web/uploads as footxfrsil@213.186.33.40
 DEBUG [a7676758] Command: /usr/bin/env mkdir -p /home/footxfrsil/foot5x5/shared/web/uploads
 DEBUG [3411b48e] Running [ -f /home/footxfrsil/foot5x5/current/REVISION ] as footxfrsil@213.186.33.40
 DEBUG [3411b48e] Command: [ -f /home/footxfrsil/foot5x5/current/REVISION ]
 DEBUG [aaa767de] Running /usr/bin/env cat /home/footxfrsil/foot5x5/current/REVISION 2>/dev/null as footxfrsil@213.186.33.40
 DEBUG [aaa767de] Command: /usr/bin/env cat /home/footxfrsil/foot5x5/current/REVISION 2>/dev/null
 DEBUG [ea929e49] Running [ -f /home/footxfrsil/foot5x5/repo/HEAD ] as footxfrsil@213.186.33.40
 DEBUG [ea929e49] Command: [ -f /home/footxfrsil/foot5x5/repo/HEAD ]
  INFO The repository mirror is at /home/footxfrsil/foot5x5/repo
 DEBUG [9e7b1f55] Running if test ! -d /home/footxfrsil/foot5x5/repo; then echo "Directory does not exist '/home/footxfrsil/foot5x5/repo'" 1>&2; false; fi as footxfrsil@213.186.33.40
 DEBUG [9e7b1f55] Command: if test ! -d /home/footxfrsil/foot5x5/repo; then echo "Directory does not exist '/home/footxfrsil/foot5x5/repo'" 1>&2; false; fi
  INFO [9491ab37] Running /usr/bin/env git remote set-url origin git@github.com:etistav/foot5x5.git as footxfrsil@213.186.33.40
 DEBUG [9491ab37] Command: cd /home/footxfrsil/foot5x5/repo && ( export GIT_ASKPASS="/bin/echo" GIT_SSH="/tmp/git-ssh-foot5x5-production-Eti.sh" ; /usr/bin/env git remote set-url origin git@github.com:etistav/foot5x5.git )
  INFO [9ad2efef] Running /usr/bin/env git remote update --prune as footxfrsil@213.186.33.40
 DEBUG [9ad2efef] Command: cd /home/footxfrsil/foot5x5/repo && ( export GIT_ASKPASS="/bin/echo" GIT_SSH="/tmp/git-ssh-foot5x5-production-Eti.sh" ; /usr/bin/env git remote update --prune )
 DEBUG [4fd88c4b] Running if test ! -d /home/footxfrsil/foot5x5/repo; then echo "Directory does not exist '/home/footxfrsil/foot5x5/repo'" 1>&2; false; fi as footxfrsil@213.186.33.40
 DEBUG [4fd88c4b] Command: if test ! -d /home/footxfrsil/foot5x5/repo; then echo "Directory does not exist '/home/footxfrsil/foot5x5/repo'" 1>&2; false; fi
  INFO [018362ce] Running /usr/bin/env mkdir -p /home/footxfrsil/foot5x5/releases/20171106124953 as footxfrsil@213.186.33.40
 DEBUG [018362ce] Command: cd /home/footxfrsil/foot5x5/repo && ( export GIT_ASKPASS="/bin/echo" GIT_SSH="/tmp/git-ssh-foot5x5-production-Eti.sh" ; /usr/bin/env mkdir -p /home/footxfrsil/foot5x5/releases/20171106124953 )
  INFO [82071765] Running /usr/bin/env git archive master | /usr/bin/env tar -x -f - -C /home/footxfrsil/foot5x5/releases/20171106124953 as footxfrsil@213.186.33.40
 DEBUG [82071765] Command: cd /home/footxfrsil/foot5x5/repo && ( export GIT_ASKPASS="/bin/echo" GIT_SSH="/tmp/git-ssh-foot5x5-production-Eti.sh" ; /usr/bin/env git archive master | /usr/bin/env tar -x -f - -C /home/footxfrsil/foot5x5/releases/20171106124953 )
 DEBUG [5c6c5ec9] Running if test ! -d /home/footxfrsil/foot5x5/repo; then echo "Directory does not exist '/home/footxfrsil/foot5x5/repo'" 1>&2; false; fi as footxfrsil@213.186.33.40
 DEBUG [5c6c5ec9] Command: if test ! -d /home/footxfrsil/foot5x5/repo; then echo "Directory does not exist '/home/footxfrsil/foot5x5/repo'" 1>&2; false; fi
 DEBUG [d9e7ba67] Running /usr/bin/env git rev-list --max-count=1 master as footxfrsil@213.186.33.40
 DEBUG [d9e7ba67] Command: cd /home/footxfrsil/foot5x5/repo && ( export GIT_ASKPASS="/bin/echo" GIT_SSH="/tmp/git-ssh-foot5x5-production-Eti.sh" ; /usr/bin/env git rev-list --max-count=1 master )
 DEBUG [bcffd422] Running if test ! -d /home/footxfrsil/foot5x5/releases/20171106124953; then echo "Directory does not exist '/home/footxfrsil/foot5x5/releases/20171106124953'" 1>&2; false; fi as footxfrsil@213.186.33.40
 DEBUG [bcffd422] Command: if test ! -d /home/footxfrsil/foot5x5/releases/20171106124953; then echo "Directory does not exist '/home/footxfrsil/foot5x5/releases/20171106124953'" 1>&2; false; fi
  INFO [e3006735] Running /usr/bin/env echo "" >> REVISION as footxfrsil@213.186.33.40
 DEBUG [e3006735] Command: cd /home/footxfrsil/foot5x5/releases/20171106124953 && /usr/bin/env echo "" >> REVISION
  INFO [5d5ce5a4] Running /usr/bin/env mkdir -p /home/footxfrsil/foot5x5/releases/20171106124953/web as footxfrsil@213.186.33.40
 DEBUG [5d5ce5a4] Command: /usr/bin/env mkdir -p /home/footxfrsil/foot5x5/releases/20171106124953/web
 DEBUG [175f1a47] Running [ -L /home/footxfrsil/foot5x5/releases/20171106124953/web/uploads ] as footxfrsil@213.186.33.40
 DEBUG [175f1a47] Command: [ -L /home/footxfrsil/foot5x5/releases/20171106124953/web/uploads ]
  INFO [a7360451] Running /usr/bin/env ln -s /home/footxfrsil/foot5x5/releases/20171106124953 /home/footxfrsil/foot5x5/releases/current as footxfrsil@213.186.33.40
 DEBUG [a7360451] Command: /usr/bin/env ln -s /home/footxfrsil/foot5x5/releases/20171106124953 /home/footxfrsil/foot5x5/releases/current
  INFO [cf129dcf] Running /usr/bin/env mv /home/footxfrsil/foot5x5/releases/current /home/footxfrsil/foot5x5 as footxfrsil@213.186.33.40
 DEBUG [cf129dcf] Command: /usr/bin/env mv /home/footxfrsil/foot5x5/releases/current /home/footxfrsil/foot5x5
 DEBUG [252a185e] Running /usr/bin/env ls -x /home/footxfrsil/foot5x5/releases as footxfrsil@213.186.33.40
 DEBUG [252a185e] Command: /usr/bin/env ls -x /home/footxfrsil/foot5x5/releases
 DEBUG [281ac7ab] Running if test ! -d /home/footxfrsil/foot5x5/releases; then echo "Directory does not exist '/home/footxfrsil/foot5x5/releases'" 1>&2; false; fi as footxfrsil@213.186.33.40
 DEBUG [281ac7ab] Command: if test ! -d /home/footxfrsil/foot5x5/releases; then echo "Directory does not exist '/home/footxfrsil/foot5x5/releases'" 1>&2; false; fi
  INFO [2e8bb79a] Running /usr/bin/env echo "Branch master (at ) deployed as release 20171106124953 by Eti" >> /home/footxfrsil/foot5x5/revisions.log as footxfrsil@213.186.33.40
 DEBUG [2e8bb79a] Command: cd /home/footxfrsil/foot5x5/releases && /usr/bin/env echo "Branch master (at ) deployed as release 20171106124953 by Eti" >> /home/footxfrsil/foot5x5/revisions.log
  INFO ---------------------------------------------------------------------------
  INFO START 2017-11-06 13:50:47 +0100 cap production deploy:check:directories
  INFO ---------------------------------------------------------------------------
  INFO [6c881ad2] Running /usr/bin/env mkdir -p /home/footxfrsil/foot5x5/shared /home/footxfrsil/foot5x5/releases as footxfrsil@213.186.33.40
 DEBUG [6c881ad2] Command: /usr/bin/env mkdir -p /home/footxfrsil/foot5x5/shared /home/footxfrsil/foot5x5/releases
  INFO ---------------------------------------------------------------------------
  INFO START 2017-11-06 13:53:16 +0100 cap production deploy
  INFO ---------------------------------------------------------------------------
  INFO [e46ebf0f] Running /usr/bin/env mkdir -p /tmp as footxfrsil@213.186.33.40
 DEBUG [e46ebf0f] Command: /usr/bin/env mkdir -p /tmp
  INFO ---------------------------------------------------------------------------
  INFO START 2017-11-06 13:55:22 +0100 cap production deploy:check:directories
  INFO ---------------------------------------------------------------------------
  INFO [0d537111] Running /usr/bin/env mkdir -p www/shared www/releases as footxfrsil@213.186.33.40
 DEBUG [0d537111] Command: /usr/bin/env mkdir -p www/shared www/releases
  INFO ---------------------------------------------------------------------------
  INFO START 2017-11-06 13:56:04 +0100 cap production deploy:check
  INFO ---------------------------------------------------------------------------
  INFO [3019385c] Running /usr/bin/env mkdir -p /tmp as footxfrsil@213.186.33.40
 DEBUG [3019385c] Command: /usr/bin/env mkdir -p /tmp
  INFO ---------------------------------------------------------------------------
  INFO START 2017-11-06 13:58:01 +0100 cap production deploy:check
  INFO ---------------------------------------------------------------------------
  INFO [6d00a42e] Running /usr/bin/env mkdir -p /tmp as footxfrsil@213.186.33.40
 DEBUG [6d00a42e] Command: /usr/bin/env mkdir -p /tmp
  INFO ---------------------------------------------------------------------------
  INFO START 2017-11-06 14:39:23 +0100 cap production deploy:check
  INFO ---------------------------------------------------------------------------
  INFO [70530bed] Running /usr/bin/env mkdir -p /tmp as footxfrsil@ssh.cluster011.ovh.net
 DEBUG [70530bed] Command: /usr/bin/env mkdir -p /tmp
  INFO [70530bed] Finished in 7.082 seconds with exit status 0 (successful).
 DEBUG Uploading /tmp/git-ssh-foot5x5-production-Eti.sh 0.0%
  INFO Uploading /tmp/git-ssh-foot5x5-production-Eti.sh 100.0%
  INFO [b3208700] Running /usr/bin/env chmod 700 /tmp/git-ssh-foot5x5-production-Eti.sh as footxfrsil@ssh.cluster011.ovh.net
 DEBUG [b3208700] Command: /usr/bin/env chmod 700 /tmp/git-ssh-foot5x5-production-Eti.sh
  INFO [b3208700] Finished in 0.019 seconds with exit status 0 (successful).
  INFO [0549f111] Running /usr/bin/env git ls-remote git@github.com:etistav/foot5x5.git HEAD as footxfrsil@ssh.cluster011.ovh.net
 DEBUG [0549f111] Command: ( export GIT_ASKPASS="/bin/echo" GIT_SSH="/tmp/git-ssh-foot5x5-production-Eti.sh" ; /usr/bin/env git ls-remote git@github.com:etistav/foot5x5.git HEAD )
 DEBUG [0549f111] 	fatal: 
 DEBUG [0549f111] 	cannot exec '/tmp/git-ssh-foot5x5-production-Eti.sh': Permission denied
 DEBUG [0549f111] 	
 DEBUG [0549f111] 	fatal: unable to fork
  INFO ---------------------------------------------------------------------------
  INFO START 2017-11-06 14:48:36 +0100 cap production git:check
  INFO ---------------------------------------------------------------------------
  INFO [50f68b26] Running /usr/bin/env mkdir -p /tmp as footxfrsil@ssh.cluster011.ovh.net
 DEBUG [50f68b26] Command: /usr/bin/env mkdir -p /tmp
  INFO [50f68b26] Finished in 5.819 seconds with exit status 0 (successful).
 DEBUG Uploading /tmp/git-ssh-foot5x5-production-Eti.sh 0.0%
  INFO Uploading /tmp/git-ssh-foot5x5-production-Eti.sh 100.0%
  INFO [14b99293] Running /usr/bin/env chmod 700 /tmp/git-ssh-foot5x5-production-Eti.sh as footxfrsil@ssh.cluster011.ovh.net
 DEBUG [14b99293] Command: /usr/bin/env chmod 700 /tmp/git-ssh-foot5x5-production-Eti.sh
  INFO [14b99293] Finished in 0.019 seconds with exit status 0 (successful).
  INFO [f458995f] Running /usr/bin/env git ls-remote git@github.com:etistav/foot5x5.git HEAD as footxfrsil@ssh.cluster011.ovh.net
 DEBUG [f458995f] Command: ( export GIT_ASKPASS="/bin/echo" GIT_SSH="/tmp/git-ssh-foot5x5-production-Eti.sh" ; /usr/bin/env git ls-remote git@github.com:etistav/foot5x5.git HEAD )
 DEBUG [f458995f] 	fatal: 
 DEBUG [f458995f] 	cannot exec '/tmp/git-ssh-foot5x5-production-Eti.sh': Permission denied
 DEBUG [f458995f] 	
 DEBUG [f458995f] 	fatal: unable to fork
  INFO ---------------------------------------------------------------------------
  INFO START 2017-11-06 14:57:13 +0100 cap production git:check
  INFO ---------------------------------------------------------------------------
  INFO [313d7bb7] Running /usr/bin/env mkdir -p tmp as footxfrsil@ssh.cluster011.ovh.net
 DEBUG [313d7bb7] Command: /usr/bin/env mkdir -p tmp
  INFO [313d7bb7] Finished in 4.440 seconds with exit status 0 (successful).
  INFO ---------------------------------------------------------------------------
  INFO START 2017-11-06 14:57:55 +0100 cap production git:check
  INFO ---------------------------------------------------------------------------
  INFO [73addde3] Running /usr/bin/env mkdir -p /www/tmp as footxfrsil@ssh.cluster011.ovh.net
 DEBUG [73addde3] Command: /usr/bin/env mkdir -p /www/tmp
 DEBUG [73addde3] 	mkdir: cannot create directory `/www'
 DEBUG [73addde3] 	: Permission denied
  INFO ---------------------------------------------------------------------------
  INFO START 2017-11-06 14:58:30 +0100 cap production git:check
  INFO ---------------------------------------------------------------------------
  INFO [65a175dc] Running /usr/bin/env mkdir -p /tmp as footxfrsil@ssh.cluster011.ovh.net
 DEBUG [65a175dc] Command: /usr/bin/env mkdir -p /tmp
  INFO [65a175dc] Finished in 6.584 seconds with exit status 0 (successful).
 DEBUG Uploading /tmp/git-ssh-foot5x5-production-Eti.sh 0.0%
  INFO Uploading /tmp/git-ssh-foot5x5-production-Eti.sh 100.0%
  INFO [6842305a] Running /usr/bin/env chmod 700 /tmp/git-ssh-foot5x5-production-Eti.sh as footxfrsil@ssh.cluster011.ovh.net
 DEBUG [6842305a] Command: /usr/bin/env chmod 700 /tmp/git-ssh-foot5x5-production-Eti.sh
  INFO [6842305a] Finished in 0.019 seconds with exit status 0 (successful).
  INFO [ebae719f] Running /usr/bin/env git ls-remote git@github.com:etistav/foot5x5.git HEAD as footxfrsil@ssh.cluster011.ovh.net
 DEBUG [ebae719f] Command: ( export GIT_ASKPASS="/bin/echo" GIT_SSH="/tmp/git-ssh-foot5x5-production-Eti.sh" ; /usr/bin/env git ls-remote git@github.com:etistav/foot5x5.git HEAD )
 DEBUG [ebae719f] 	fatal: 
 DEBUG [ebae719f] 	cannot exec '/tmp/git-ssh-foot5x5-production-Eti.sh': Permission denied
 DEBUG [ebae719f] 	
 DEBUG [ebae719f] 	fatal: unable to fork
  INFO ---------------------------------------------------------------------------
  INFO START 2017-11-06 15:04:13 +0100 cap production git:check
  INFO ---------------------------------------------------------------------------
  INFO [ef58053b] Running /usr/bin/env mkdir -p /home/footxfrsil as footxfrsil@ssh.cluster011.ovh.net
 DEBUG [ef58053b] Command: /usr/bin/env mkdir -p /home/footxfrsil
  INFO [ef58053b] Finished in 3.702 seconds with exit status 0 (successful).
 DEBUG Uploading /home/footxfrsil/git-ssh-foot5x5-production-Eti.sh 0.0%
  INFO Uploading /home/footxfrsil/git-ssh-foot5x5-production-Eti.sh 100.0%
  INFO [318fde69] Running /usr/bin/env chmod 700 /home/footxfrsil/git-ssh-foot5x5-production-Eti.sh as footxfrsil@ssh.cluster011.ovh.net
 DEBUG [318fde69] Command: /usr/bin/env chmod 700 /home/footxfrsil/git-ssh-foot5x5-production-Eti.sh
  INFO [318fde69] Finished in 0.021 seconds with exit status 0 (successful).
  INFO [cda693f0] Running /usr/bin/env git ls-remote git@github.com:etistav/foot5x5.git HEAD as footxfrsil@ssh.cluster011.ovh.net
 DEBUG [cda693f0] Command: ( export GIT_ASKPASS="/bin/echo" GIT_SSH="/home/footxfrsil/git-ssh-foot5x5-production-Eti.sh" ; /usr/bin/env git ls-remote git@github.com:etistav/foot5x5.git HEAD )
 DEBUG [cda693f0] 	Warning: Permanently added 'github.com,192.30.253.113' (RSA) to the list of known hosts.
 DEBUG [cda693f0] 	Permission denied (publickey).
 DEBUG [cda693f0] 	fatal: The remote end hung up unexpectedly
  INFO ---------------------------------------------------------------------------
  INFO START 2017-11-06 15:04:59 +0100 cap production git:check
  INFO ---------------------------------------------------------------------------
  INFO [040e96de] Running /usr/bin/env mkdir -p /home/footxfrsil as footxfrsil@ssh.cluster011.ovh.net
 DEBUG [040e96de] Command: /usr/bin/env mkdir -p /home/footxfrsil
  INFO [040e96de] Finished in 4.460 seconds with exit status 0 (successful).
 DEBUG Uploading /home/footxfrsil/git-ssh-foot5x5-production-Eti.sh 0.0%
  INFO Uploading /home/footxfrsil/git-ssh-foot5x5-production-Eti.sh 100.0%
  INFO [08c71c1e] Running /usr/bin/env chmod 700 /home/footxfrsil/git-ssh-foot5x5-production-Eti.sh as footxfrsil@ssh.cluster011.ovh.net
 DEBUG [08c71c1e] Command: /usr/bin/env chmod 700 /home/footxfrsil/git-ssh-foot5x5-production-Eti.sh
  INFO [08c71c1e] Finished in 0.028 seconds with exit status 0 (successful).
  INFO [f0870400] Running /usr/bin/env git ls-remote git@github.com:etistav/foot5x5.git HEAD as footxfrsil@ssh.cluster011.ovh.net
 DEBUG [f0870400] Command: ( export GIT_ASKPASS="/bin/echo" GIT_SSH="/home/footxfrsil/git-ssh-foot5x5-production-Eti.sh" ; /usr/bin/env git ls-remote git@github.com:etistav/foot5x5.git HEAD )
 DEBUG [f0870400] 	Warning: Permanently added the RSA host key for IP address '192.30.253.112' to the list of known hosts.
 DEBUG [f0870400] 	Permission denied (publickey).
 DEBUG [f0870400] 	fatal: The remote end hung up unexpectedly
  INFO ---------------------------------------------------------------------------
  INFO START 2017-11-06 15:07:04 +0100 cap production git:check
  INFO ---------------------------------------------------------------------------
  INFO [e441b833] Running /usr/bin/env mkdir -p /home/footxfrsil/tmp as footxfrsil@ssh.cluster011.ovh.net
 DEBUG [e441b833] Command: /usr/bin/env mkdir -p /home/footxfrsil/tmp
  INFO [e441b833] Finished in 3.247 seconds with exit status 0 (successful).
 DEBUG Uploading /home/footxfrsil/tmp/git-ssh-foot5x5-production-Eti.sh 0.0%
  INFO Uploading /home/footxfrsil/tmp/git-ssh-foot5x5-production-Eti.sh 100.0%
  INFO [84819d6f] Running /usr/bin/env chmod 700 /home/footxfrsil/tmp/git-ssh-foot5x5-production-Eti.sh as footxfrsil@ssh.cluster011.ovh.net
 DEBUG [84819d6f] Command: /usr/bin/env chmod 700 /home/footxfrsil/tmp/git-ssh-foot5x5-production-Eti.sh
  INFO [84819d6f] Finished in 0.052 seconds with exit status 0 (successful).
  INFO [549a270d] Running /usr/bin/env git ls-remote git@github.com:etistav/foot5x5.git HEAD as footxfrsil@ssh.cluster011.ovh.net
 DEBUG [549a270d] Command: ( export GIT_ASKPASS="/bin/echo" GIT_SSH="/home/footxfrsil/tmp/git-ssh-foot5x5-production-Eti.sh" ; /usr/bin/env git ls-remote git@github.com:etistav/foot5x5.git HEAD )
 DEBUG [549a270d] 	Permission denied (publickey).
 DEBUG [549a270d] 	fatal: The remote end hung up unexpectedly
  INFO ---------------------------------------------------------------------------
  INFO START 2017-11-06 16:31:38 +0100 cap production git:check
  INFO ---------------------------------------------------------------------------
  INFO [f2387460] Running /usr/bin/env mkdir -p /home/footxfrsil/tmp as footxfrsil@ssh.cluster011.ovh.net
 DEBUG [f2387460] Command: /usr/bin/env mkdir -p /home/footxfrsil/tmp
  INFO [f2387460] Finished in 4.105 seconds with exit status 0 (successful).
 DEBUG Uploading /home/footxfrsil/tmp/git-ssh-foot5x5-production-Eti.sh 0.0%
  INFO Uploading /home/footxfrsil/tmp/git-ssh-foot5x5-production-Eti.sh 100.0%
  INFO [e2e79209] Running /usr/bin/env chmod 700 /home/footxfrsil/tmp/git-ssh-foot5x5-production-Eti.sh as footxfrsil@ssh.cluster011.ovh.net
 DEBUG [e2e79209] Command: /usr/bin/env chmod 700 /home/footxfrsil/tmp/git-ssh-foot5x5-production-Eti.sh
  INFO [e2e79209] Finished in 0.020 seconds with exit status 0 (successful).
  INFO [c667b9a8] Running /usr/bin/env git ls-remote git@github.com:etistav/foot5x5.git HEAD as footxfrsil@ssh.cluster011.ovh.net
 DEBUG [c667b9a8] Command: ( export GIT_ASKPASS="/bin/echo" GIT_SSH="/home/footxfrsil/tmp/git-ssh-foot5x5-production-Eti.sh" ; /usr/bin/env git ls-remote git@github.com:etistav/foot5x5.git HEAD )
 DEBUG [c667b9a8] 	Permission denied (publickey).
 DEBUG [c667b9a8] 	fatal: The remote end hung up unexpectedly
  INFO ---------------------------------------------------------------------------
  INFO START 2017-11-06 16:34:25 +0100 cap production git:check
  INFO ---------------------------------------------------------------------------
  INFO [92f38246] Running /usr/bin/env mkdir -p /home/footxfrsil/tmp as footxfrsil@ssh.cluster011.ovh.net
 DEBUG [92f38246] Command: /usr/bin/env mkdir -p /home/footxfrsil/tmp
  INFO [92f38246] Finished in 3.577 seconds with exit status 0 (successful).
 DEBUG Uploading /home/footxfrsil/tmp/git-ssh-foot5x5-production-Eti.sh 0.0%
  INFO Uploading /home/footxfrsil/tmp/git-ssh-foot5x5-production-Eti.sh 100.0%
  INFO [7e0c29ae] Running /usr/bin/env chmod 700 /home/footxfrsil/tmp/git-ssh-foot5x5-production-Eti.sh as footxfrsil@ssh.cluster011.ovh.net
 DEBUG [7e0c29ae] Command: /usr/bin/env chmod 700 /home/footxfrsil/tmp/git-ssh-foot5x5-production-Eti.sh
  INFO [7e0c29ae] Finished in 0.020 seconds with exit status 0 (successful).
  INFO [865e7d9d] Running /usr/bin/env git ls-remote git@github.com:etistav/foot5x5.git HEAD as footxfrsil@ssh.cluster011.ovh.net
 DEBUG [865e7d9d] Command: ( export GIT_ASKPASS="/bin/echo" GIT_SSH="/home/footxfrsil/tmp/git-ssh-foot5x5-production-Eti.sh" ; /usr/bin/env git ls-remote git@github.com:etistav/foot5x5.git HEAD )
 DEBUG [865e7d9d] 	Permission denied (publickey).
 DEBUG [865e7d9d] 	fatal: The remote end hung up unexpectedly
  INFO ---------------------------------------------------------------------------
  INFO START 2017-11-06 16:42:18 +0100 cap production git:check
  INFO ---------------------------------------------------------------------------
  INFO [bb655419] Running /usr/bin/env mkdir -p /home/footxfrsil/tmp as footxfrsil@ssh.cluster011.ovh.net
 DEBUG [bb655419] Command: /usr/bin/env mkdir -p /home/footxfrsil/tmp
  INFO [bb655419] Finished in 3.726 seconds with exit status 0 (successful).
 DEBUG Uploading /home/footxfrsil/tmp/git-ssh-foot5x5-production-Eti.sh 0.0%
  INFO Uploading /home/footxfrsil/tmp/git-ssh-foot5x5-production-Eti.sh 100.0%
  INFO [6997f2f8] Running /usr/bin/env chmod 700 /home/footxfrsil/tmp/git-ssh-foot5x5-production-Eti.sh as footxfrsil@ssh.cluster011.ovh.net
 DEBUG [6997f2f8] Command: /usr/bin/env chmod 700 /home/footxfrsil/tmp/git-ssh-foot5x5-production-Eti.sh
  INFO [6997f2f8] Finished in 0.019 seconds with exit status 0 (successful).
  INFO [179f166a] Running /usr/bin/env git ls-remote git@github.com:etistav/foot5x5.git HEAD as footxfrsil@ssh.cluster011.ovh.net
 DEBUG [179f166a] Command: ( export GIT_ASKPASS="/bin/echo" GIT_SSH="/home/footxfrsil/tmp/git-ssh-foot5x5-production-Eti.sh" ; /usr/bin/env git ls-remote git@github.com:etistav/foot5x5.git HEAD )
 DEBUG [179f166a] 	Permission denied (publickey).
 DEBUG [179f166a] 	fatal: The remote end hung up unexpectedly
  INFO ---------------------------------------------------------------------------
  INFO START 2017-11-06 16:43:29 +0100 cap production git:check
  INFO ---------------------------------------------------------------------------
  INFO [c4c303ef] Running /usr/bin/env mkdir -p /home/footxfrsil/tmp as footxfrsil@ssh.cluster011.ovh.net
 DEBUG [c4c303ef] Command: /usr/bin/env mkdir -p /home/footxfrsil/tmp
  INFO [c4c303ef] Finished in 8.718 seconds with exit status 0 (successful).
 DEBUG Uploading /home/footxfrsil/tmp/git-ssh-foot5x5-production-Eti.sh 0.0%
  INFO Uploading /home/footxfrsil/tmp/git-ssh-foot5x5-production-Eti.sh 100.0%
  INFO [c516e3f0] Running /usr/bin/env chmod 700 /home/footxfrsil/tmp/git-ssh-foot5x5-production-Eti.sh as footxfrsil@ssh.cluster011.ovh.net
 DEBUG [c516e3f0] Command: /usr/bin/env chmod 700 /home/footxfrsil/tmp/git-ssh-foot5x5-production-Eti.sh
  INFO [c516e3f0] Finished in 0.019 seconds with exit status 0 (successful).
  INFO [917740be] Running /usr/bin/env git ls-remote git@github.com:etistav/foot5x5.git HEAD as footxfrsil@ssh.cluster011.ovh.net
 DEBUG [917740be] Command: ( export GIT_ASKPASS="/bin/echo" GIT_SSH="/home/footxfrsil/tmp/git-ssh-foot5x5-production-Eti.sh" ; /usr/bin/env git ls-remote git@github.com:etistav/foot5x5.git HEAD )
 DEBUG [917740be] 	Permission denied (publickey).
 DEBUG [917740be] 	fatal: The remote end hung up unexpectedly
  INFO ---------------------------------------------------------------------------
  INFO START 2017-11-06 16:45:11 +0100 cap production git:check
  INFO ---------------------------------------------------------------------------
  INFO [535b35c6] Running /usr/bin/env mkdir -p /home/footxfrsil/tmp as footxfrsil@ssh.cluster011.ovh.net
 DEBUG [535b35c6] Command: /usr/bin/env mkdir -p /home/footxfrsil/tmp
  INFO [535b35c6] Finished in 3.997 seconds with exit status 0 (successful).
 DEBUG Uploading /home/footxfrsil/tmp/git-ssh-foot5x5-production-Eti.sh 0.0%
  INFO Uploading /home/footxfrsil/tmp/git-ssh-foot5x5-production-Eti.sh 100.0%
  INFO [e83d0052] Running /usr/bin/env chmod 700 /home/footxfrsil/tmp/git-ssh-foot5x5-production-Eti.sh as footxfrsil@ssh.cluster011.ovh.net
 DEBUG [e83d0052] Command: /usr/bin/env chmod 700 /home/footxfrsil/tmp/git-ssh-foot5x5-production-Eti.sh
  INFO [e83d0052] Finished in 0.019 seconds with exit status 0 (successful).
  INFO [b9c3f7c3] Running /usr/bin/env git ls-remote git@github.com:etistav/foot5x5.git HEAD as footxfrsil@ssh.cluster011.ovh.net
 DEBUG [b9c3f7c3] Command: ( export GIT_ASKPASS="/bin/echo" GIT_SSH="/home/footxfrsil/tmp/git-ssh-foot5x5-production-Eti.sh" ; /usr/bin/env git ls-remote git@github.com:etistav/foot5x5.git HEAD )
 DEBUG [b9c3f7c3] 	Permission denied (publickey).
 DEBUG [b9c3f7c3] 	fatal: The remote end hung up unexpectedly
  INFO ---------------------------------------------------------------------------
  INFO START 2017-11-06 16:47:20 +0100 cap production doctor
  INFO ---------------------------------------------------------------------------
  INFO ---------------------------------------------------------------------------
  INFO START 2017-11-06 16:49:43 +0100 cap production git:check
  INFO ---------------------------------------------------------------------------
  INFO [b7782d11] Running /usr/bin/env mkdir -p /home/footxfrsil/tmp as footxfrsil@ssh.cluster011.ovh.net
 DEBUG [b7782d11] Command: /usr/bin/env mkdir -p /home/footxfrsil/tmp
  INFO [b7782d11] Finished in 13.701 seconds with exit status 0 (successful).
 DEBUG Uploading /home/footxfrsil/tmp/git-ssh-foot5x5-production-Eti.sh 0.0%
  INFO Uploading /home/footxfrsil/tmp/git-ssh-foot5x5-production-Eti.sh 100.0%
  INFO [bb30032f] Running /usr/bin/env chmod 700 /home/footxfrsil/tmp/git-ssh-foot5x5-production-Eti.sh as footxfrsil@ssh.cluster011.ovh.net
 DEBUG [bb30032f] Command: /usr/bin/env chmod 700 /home/footxfrsil/tmp/git-ssh-foot5x5-production-Eti.sh
  INFO [bb30032f] Finished in 0.019 seconds with exit status 0 (successful).
  INFO [a923370f] Running /usr/bin/env git ls-remote git@github.com:etistav/foot5x5.git HEAD as footxfrsil@ssh.cluster011.ovh.net
 DEBUG [a923370f] Command: ( export GIT_ASKPASS="/bin/echo" GIT_SSH="/home/footxfrsil/tmp/git-ssh-foot5x5-production-Eti.sh" ; /usr/bin/env git ls-remote git@github.com:etistav/foot5x5.git HEAD )
 DEBUG [a923370f] 	Permission denied (publickey).
 DEBUG [a923370f] 	fatal: The remote end hung up unexpectedly
  INFO ---------------------------------------------------------------------------
  INFO START 2017-11-06 17:06:45 +0100 cap production git:check
  INFO ---------------------------------------------------------------------------
  INFO [2555753f] Running /usr/bin/env mkdir -p /home/footxfrsil/tmp as footxfrsil@ssh.cluster011.ovh.net
 DEBUG [2555753f] Command: /usr/bin/env mkdir -p /home/footxfrsil/tmp
  INFO [2555753f] Finished in 5.896 seconds with exit status 0 (successful).
 DEBUG Uploading /home/footxfrsil/tmp/git-ssh-foot5x5-production-Eti.sh 0.0%
  INFO Uploading /home/footxfrsil/tmp/git-ssh-foot5x5-production-Eti.sh 100.0%
  INFO [2bb8bbc3] Running /usr/bin/env chmod 700 /home/footxfrsil/tmp/git-ssh-foot5x5-production-Eti.sh as footxfrsil@ssh.cluster011.ovh.net
 DEBUG [2bb8bbc3] Command: /usr/bin/env chmod 700 /home/footxfrsil/tmp/git-ssh-foot5x5-production-Eti.sh
  INFO [2bb8bbc3] Finished in 0.024 seconds with exit status 0 (successful).
  INFO [d759e955] Running /usr/bin/env git ls-remote git@github.com:etistav/foot5x5.git HEAD as footxfrsil@ssh.cluster011.ovh.net
 DEBUG [d759e955] Command: ( export GIT_ASKPASS="/bin/echo" GIT_SSH="/home/footxfrsil/tmp/git-ssh-foot5x5-production-Eti.sh" ; /usr/bin/env git ls-remote git@github.com:etistav/foot5x5.git HEAD )
 DEBUG [d759e955] 	Permission denied (publickey).
 DEBUG [d759e955] 	fatal: The remote end hung up unexpectedly
  INFO ---------------------------------------------------------------------------
  INFO START 2017-11-06 17:14:31 +0100 cap production git:check
  INFO ---------------------------------------------------------------------------
  INFO [3ec4f0ab] Running /usr/bin/env mkdir -p /home/footxfrsil/tmp as footxfrsil@ssh.cluster011.ovh.net
 DEBUG [3ec4f0ab] Command: /usr/bin/env mkdir -p /home/footxfrsil/tmp
  INFO [3ec4f0ab] Finished in 3.922 seconds with exit status 0 (successful).
 DEBUG Uploading /home/footxfrsil/tmp/git-ssh-foot5x5-production-Eti.sh 0.0%
  INFO Uploading /home/footxfrsil/tmp/git-ssh-foot5x5-production-Eti.sh 100.0%
  INFO [e72a35bd] Running /usr/bin/env chmod 700 /home/footxfrsil/tmp/git-ssh-foot5x5-production-Eti.sh as footxfrsil@ssh.cluster011.ovh.net
 DEBUG [e72a35bd] Command: /usr/bin/env chmod 700 /home/footxfrsil/tmp/git-ssh-foot5x5-production-Eti.sh
  INFO [e72a35bd] Finished in 0.019 seconds with exit status 0 (successful).
  INFO [f64bc9c5] Running /usr/bin/env git ls-remote git@github.com:etistav/foot5x5.git HEAD as footxfrsil@ssh.cluster011.ovh.net
 DEBUG [f64bc9c5] Command: ( export GIT_ASKPASS="/bin/echo" GIT_SSH="/home/footxfrsil/tmp/git-ssh-foot5x5-production-Eti.sh" ; /usr/bin/env git ls-remote git@github.com:etistav/foot5x5.git HEAD )
 DEBUG [f64bc9c5] 	Permission denied (publickey).
 DEBUG [f64bc9c5] 	fatal: The remote end hung up unexpectedly
  INFO ---------------------------------------------------------------------------
  INFO START 2017-11-06 17:21:29 +0100 cap production git:check
  INFO ---------------------------------------------------------------------------
  INFO [51973d2f] Running /usr/bin/env mkdir -p /home/footxfrsil/tmp as footxfrsil@ssh.cluster011.ovh.net
 DEBUG [51973d2f] Command: /usr/bin/env mkdir -p /home/footxfrsil/tmp
  INFO [51973d2f] Finished in 4.275 seconds with exit status 0 (successful).
 DEBUG Uploading /home/footxfrsil/tmp/git-ssh-foot5x5-production-Eti.sh 0.0%
  INFO Uploading /home/footxfrsil/tmp/git-ssh-foot5x5-production-Eti.sh 100.0%
  INFO [8a6958b7] Running /usr/bin/env chmod 700 /home/footxfrsil/tmp/git-ssh-foot5x5-production-Eti.sh as footxfrsil@ssh.cluster011.ovh.net
 DEBUG [8a6958b7] Command: /usr/bin/env chmod 700 /home/footxfrsil/tmp/git-ssh-foot5x5-production-Eti.sh
  INFO [8a6958b7] Finished in 0.019 seconds with exit status 0 (successful).
  INFO [721d9b48] Running /usr/bin/env git ls-remote git@github.com:etistav/foot5x5.git HEAD as footxfrsil@ssh.cluster011.ovh.net
 DEBUG [721d9b48] Command: ( export GIT_ASKPASS="/bin/echo" GIT_SSH="/home/footxfrsil/tmp/git-ssh-foot5x5-production-Eti.sh" ; /usr/bin/env git ls-remote git@github.com:etistav/foot5x5.git HEAD )
 DEBUG [721d9b48] 	Permission denied (publickey).
 DEBUG [721d9b48] 	fatal: The remote end hung up unexpectedly
  INFO ---------------------------------------------------------------------------
  INFO START 2017-11-06 18:02:38 +0100 cap production git:check
  INFO ---------------------------------------------------------------------------
  INFO [3c05e623] Running /usr/bin/env mkdir -p /home/footxfrsil/tmp as footxfrsil@ssh.cluster011.ovh.net
 DEBUG [3c05e623] Command: /usr/bin/env mkdir -p /home/footxfrsil/tmp
  INFO [3c05e623] Finished in 4.291 seconds with exit status 0 (successful).
 DEBUG Uploading /home/footxfrsil/tmp/git-ssh-foot5x5-production-Eti.sh 0.0%
  INFO Uploading /home/footxfrsil/tmp/git-ssh-foot5x5-production-Eti.sh 100.0%
  INFO [d2f2b9ef] Running /usr/bin/env chmod 700 /home/footxfrsil/tmp/git-ssh-foot5x5-production-Eti.sh as footxfrsil@ssh.cluster011.ovh.net
 DEBUG [d2f2b9ef] Command: /usr/bin/env chmod 700 /home/footxfrsil/tmp/git-ssh-foot5x5-production-Eti.sh
  INFO [d2f2b9ef] Finished in 0.020 seconds with exit status 0 (successful).
  INFO [efd32a3c] Running /usr/bin/env git ls-remote git@github.com:etistav/foot5x5.git HEAD as footxfrsil@ssh.cluster011.ovh.net
 DEBUG [efd32a3c] Command: ( export GIT_ASKPASS="/bin/echo" GIT_SSH="/home/footxfrsil/tmp/git-ssh-foot5x5-production-Eti.sh" ; /usr/bin/env git ls-remote git@github.com:etistav/foot5x5.git HEAD )
 DEBUG [efd32a3c] 	Permission denied (publickey).
 DEBUG [efd32a3c] 	fatal: The remote end hung up unexpectedly
  INFO ---------------------------------------------------------------------------
  INFO START 2017-11-06 18:09:46 +0100 cap production git:check
  INFO ---------------------------------------------------------------------------
  INFO [c2942ca1] Running /usr/bin/env mkdir -p /home/footxfrsil/tmp as footxfrsil@ssh.cluster011.ovh.net
 DEBUG [c2942ca1] Command: /usr/bin/env mkdir -p /home/footxfrsil/tmp
  INFO [c2942ca1] Finished in 3.679 seconds with exit status 0 (successful).
 DEBUG Uploading /home/footxfrsil/tmp/git-ssh-foot5x5-production-Eti.sh 0.0%
  INFO Uploading /home/footxfrsil/tmp/git-ssh-foot5x5-production-Eti.sh 100.0%
  INFO [179bf07e] Running /usr/bin/env chmod 700 /home/footxfrsil/tmp/git-ssh-foot5x5-production-Eti.sh as footxfrsil@ssh.cluster011.ovh.net
 DEBUG [179bf07e] Command: /usr/bin/env chmod 700 /home/footxfrsil/tmp/git-ssh-foot5x5-production-Eti.sh
  INFO [179bf07e] Finished in 0.025 seconds with exit status 0 (successful).
  INFO [1e21b238] Running /usr/bin/env git ls-remote git@github.com:etistav/foot5x5.git HEAD as footxfrsil@ssh.cluster011.ovh.net
 DEBUG [1e21b238] Command: ( export GIT_ASKPASS="/bin/echo" GIT_SSH="/home/footxfrsil/tmp/git-ssh-foot5x5-production-Eti.sh" ; /usr/bin/env git ls-remote git@github.com:etistav/foot5x5.git HEAD )
 DEBUG [1e21b238] 	Permission denied (publickey).
 DEBUG [1e21b238] 	fatal: The remote end hung up unexpectedly
  INFO ---------------------------------------------------------------------------
  INFO START 2017-11-06 18:10:52 +0100 cap production git:check
  INFO ---------------------------------------------------------------------------
  INFO [22148286] Running /usr/bin/env mkdir -p /home/footxfrsil/tmp as footxfrsil@ssh.cluster011.ovh.net
 DEBUG [22148286] Command: /usr/bin/env mkdir -p /home/footxfrsil/tmp
  INFO [22148286] Finished in 5.370 seconds with exit status 0 (successful).
 DEBUG Uploading /home/footxfrsil/tmp/git-ssh-foot5x5-production-Eti.sh 0.0%
  INFO Uploading /home/footxfrsil/tmp/git-ssh-foot5x5-production-Eti.sh 100.0%
  INFO [b84dc09e] Running /usr/bin/env chmod 700 /home/footxfrsil/tmp/git-ssh-foot5x5-production-Eti.sh as footxfrsil@ssh.cluster011.ovh.net
 DEBUG [b84dc09e] Command: /usr/bin/env chmod 700 /home/footxfrsil/tmp/git-ssh-foot5x5-production-Eti.sh
  INFO [b84dc09e] Finished in 0.020 seconds with exit status 0 (successful).
  INFO [6f1ec4a3] Running /usr/bin/env git ls-remote git@github.com:etistav/foot5x5.git HEAD as footxfrsil@ssh.cluster011.ovh.net
 DEBUG [6f1ec4a3] Command: ( export GIT_ASKPASS="/bin/echo" GIT_SSH="/home/footxfrsil/tmp/git-ssh-foot5x5-production-Eti.sh" ; /usr/bin/env git ls-remote git@github.com:etistav/foot5x5.git HEAD )
 DEBUG [6f1ec4a3] 	Permission denied (publickey).
 DEBUG [6f1ec4a3] 	fatal: The remote end hung up unexpectedly
  INFO ---------------------------------------------------------------------------
  INFO START 2017-11-06 18:12:07 +0100 cap production git:check
  INFO ---------------------------------------------------------------------------
  INFO [14f42c72] Running /usr/bin/env mkdir -p /home/footxfrsil/tmp as footxfrsil@ssh.cluster011.ovh.net
 DEBUG [14f42c72] Command: /usr/bin/env mkdir -p /home/footxfrsil/tmp
  INFO [14f42c72] Finished in 3.855 seconds with exit status 0 (successful).
 DEBUG Uploading /home/footxfrsil/tmp/git-ssh-foot5x5-production-Eti.sh 0.0%
  INFO Uploading /home/footxfrsil/tmp/git-ssh-foot5x5-production-Eti.sh 100.0%
  INFO [84f3e87d] Running /usr/bin/env chmod 700 /home/footxfrsil/tmp/git-ssh-foot5x5-production-Eti.sh as footxfrsil@ssh.cluster011.ovh.net
 DEBUG [84f3e87d] Command: /usr/bin/env chmod 700 /home/footxfrsil/tmp/git-ssh-foot5x5-production-Eti.sh
  INFO [84f3e87d] Finished in 0.022 seconds with exit status 0 (successful).
  INFO [1ed0c0da] Running /usr/bin/env git ls-remote git@github.com:etistav/foot5x5.git HEAD as footxfrsil@ssh.cluster011.ovh.net
 DEBUG [1ed0c0da] Command: ( export GIT_ASKPASS="/bin/echo" GIT_SSH="/home/footxfrsil/tmp/git-ssh-foot5x5-production-Eti.sh" ; /usr/bin/env git ls-remote git@github.com:etistav/foot5x5.git HEAD )
 DEBUG [1ed0c0da] 	Permission denied (publickey).
 DEBUG [1ed0c0da] 	fatal: The remote end hung up unexpectedly
  INFO ---------------------------------------------------------------------------
  INFO START 2017-11-06 18:15:21 +0100 cap production deploy:check
  INFO ---------------------------------------------------------------------------
  INFO [b8757b58] Running /usr/bin/env mkdir -p /home/footxfrsil/tmp as footxfrsil@ssh.cluster011.ovh.net
 DEBUG [b8757b58] Command: /usr/bin/env mkdir -p /home/footxfrsil/tmp
  INFO [b8757b58] Finished in 4.168 seconds with exit status 0 (successful).
 DEBUG Uploading /home/footxfrsil/tmp/git-ssh-foot5x5-production-Eti.sh 0.0%
  INFO Uploading /home/footxfrsil/tmp/git-ssh-foot5x5-production-Eti.sh 100.0%
  INFO [ae9f73c4] Running /usr/bin/env chmod 700 /home/footxfrsil/tmp/git-ssh-foot5x5-production-Eti.sh as footxfrsil@ssh.cluster011.ovh.net
 DEBUG [ae9f73c4] Command: /usr/bin/env chmod 700 /home/footxfrsil/tmp/git-ssh-foot5x5-production-Eti.sh
  INFO [ae9f73c4] Finished in 0.019 seconds with exit status 0 (successful).
  INFO [a9aa8de0] Running /usr/bin/env git ls-remote git@github.com:etistav/foot5x5.git HEAD as footxfrsil@ssh.cluster011.ovh.net
 DEBUG [a9aa8de0] Command: ( export GIT_ASKPASS="/bin/echo" GIT_SSH="/home/footxfrsil/tmp/git-ssh-foot5x5-production-Eti.sh" ; /usr/bin/env git ls-remote git@github.com:etistav/foot5x5.git HEAD )
 DEBUG [a9aa8de0] 	Permission denied (publickey).
 DEBUG [a9aa8de0] 	fatal: The remote end hung up unexpectedly
  INFO ---------------------------------------------------------------------------
  INFO START 2017-11-06 18:15:37 +0100 cap production deploy:check
  INFO ---------------------------------------------------------------------------
  INFO [ef9891fa] Running /usr/bin/env mkdir -p /home/footxfrsil/tmp as footxfrsil@ssh.cluster011.ovh.net
 DEBUG [ef9891fa] Command: /usr/bin/env mkdir -p /home/footxfrsil/tmp
  INFO [ef9891fa] Finished in 3.139 seconds with exit status 0 (successful).
 DEBUG Uploading /home/footxfrsil/tmp/git-ssh-foot5x5-production-Eti.sh 0.0%
  INFO Uploading /home/footxfrsil/tmp/git-ssh-foot5x5-production-Eti.sh 100.0%
  INFO [1f160eff] Running /usr/bin/env chmod 700 /home/footxfrsil/tmp/git-ssh-foot5x5-production-Eti.sh as footxfrsil@ssh.cluster011.ovh.net
 DEBUG [1f160eff] Command: /usr/bin/env chmod 700 /home/footxfrsil/tmp/git-ssh-foot5x5-production-Eti.sh
  INFO [1f160eff] Finished in 0.019 seconds with exit status 0 (successful).
  INFO [50d107dd] Running /usr/bin/env git ls-remote git@github.com:etistav/foot5x5.git HEAD as footxfrsil@ssh.cluster011.ovh.net
 DEBUG [50d107dd] Command: ( export GIT_ASKPASS="/bin/echo" GIT_SSH="/home/footxfrsil/tmp/git-ssh-foot5x5-production-Eti.sh" ; /usr/bin/env git ls-remote git@github.com:etistav/foot5x5.git HEAD )
 DEBUG [50d107dd] 	Permission denied (publickey).
 DEBUG [50d107dd] 	fatal: The remote end hung up unexpectedly
  INFO ---------------------------------------------------------------------------
  INFO START 2017-11-06 18:16:32 +0100 cap production deploy:check
  INFO ---------------------------------------------------------------------------
  INFO [b5bb18a6] Running /usr/bin/env mkdir -p /home/footxfrsil/tmp as footxfrsil@ssh.cluster011.ovh.net
 DEBUG [b5bb18a6] Command: /usr/bin/env mkdir -p /home/footxfrsil/tmp
  INFO [b5bb18a6] Finished in 5.388 seconds with exit status 0 (successful).
 DEBUG Uploading /home/footxfrsil/tmp/git-ssh-foot5x5-production-Eti.sh 0.0%
  INFO Uploading /home/footxfrsil/tmp/git-ssh-foot5x5-production-Eti.sh 100.0%
  INFO [6f5e9bd0] Running /usr/bin/env chmod 700 /home/footxfrsil/tmp/git-ssh-foot5x5-production-Eti.sh as footxfrsil@ssh.cluster011.ovh.net
 DEBUG [6f5e9bd0] Command: /usr/bin/env chmod 700 /home/footxfrsil/tmp/git-ssh-foot5x5-production-Eti.sh
  INFO [6f5e9bd0] Finished in 0.023 seconds with exit status 0 (successful).
  INFO [01864fd5] Running /usr/bin/env git ls-remote git@github.com:etistav/foot5x5.git HEAD as footxfrsil@ssh.cluster011.ovh.net
 DEBUG [01864fd5] Command: ( export GIT_ASKPASS="/bin/echo" GIT_SSH="/home/footxfrsil/tmp/git-ssh-foot5x5-production-Eti.sh" ; /usr/bin/env git ls-remote git@github.com:etistav/foot5x5.git HEAD )
 DEBUG [01864fd5] 	Permission denied (publickey).
 DEBUG [01864fd5] 	fatal: The remote end hung up unexpectedly
  INFO ---------------------------------------------------------------------------
  INFO START 2017-11-06 18:28:18 +0100 cap production git:check
  INFO ---------------------------------------------------------------------------
  INFO [29a0ea0f] Running /usr/bin/env mkdir -p /home/footxfrsil/tmp as footxfrsil@ssh.cluster011.ovh.net
 DEBUG [29a0ea0f] Command: /usr/bin/env mkdir -p /home/footxfrsil/tmp
  INFO [29a0ea0f] Finished in 7.631 seconds with exit status 0 (successful).
 DEBUG Uploading /home/footxfrsil/tmp/git-ssh-foot5x5-production-Eti.sh 0.0%
  INFO Uploading /home/footxfrsil/tmp/git-ssh-foot5x5-production-Eti.sh 100.0%
  INFO [3fd1a95f] Running /usr/bin/env chmod 700 /home/footxfrsil/tmp/git-ssh-foot5x5-production-Eti.sh as footxfrsil@ssh.cluster011.ovh.net
 DEBUG [3fd1a95f] Command: /usr/bin/env chmod 700 /home/footxfrsil/tmp/git-ssh-foot5x5-production-Eti.sh
  INFO [3fd1a95f] Finished in 0.019 seconds with exit status 0 (successful).
  INFO [7cf31d23] Running /usr/bin/env git ls-remote git@github.com:etistav/foot5x5.git HEAD as footxfrsil@ssh.cluster011.ovh.net
 DEBUG [7cf31d23] Command: ( export GIT_ASKPASS="/bin/echo" GIT_SSH="/home/footxfrsil/tmp/git-ssh-foot5x5-production-Eti.sh" ; /usr/bin/env git ls-remote git@github.com:etistav/foot5x5.git HEAD )
 DEBUG [7cf31d23] 	Permission denied (publickey).
 DEBUG [7cf31d23] 	fatal: The remote end hung up unexpectedly
  INFO ---------------------------------------------------------------------------
  INFO START 2017-11-06 18:35:42 +0100 cap production git:check
  INFO ---------------------------------------------------------------------------
  INFO [184efb94] Running /usr/bin/env mkdir -p /home/footxfrsil/tmp as footxfrsil@ssh.cluster011.ovh.net
 DEBUG [184efb94] Command: /usr/bin/env mkdir -p /home/footxfrsil/tmp
  INFO [184efb94] Finished in 3.971 seconds with exit status 0 (successful).
 DEBUG Uploading /home/footxfrsil/tmp/git-ssh-foot5x5-production-Eti.sh 0.0%
  INFO Uploading /home/footxfrsil/tmp/git-ssh-foot5x5-production-Eti.sh 100.0%
  INFO [f91c8fe8] Running /usr/bin/env chmod 700 /home/footxfrsil/tmp/git-ssh-foot5x5-production-Eti.sh as footxfrsil@ssh.cluster011.ovh.net
 DEBUG [f91c8fe8] Command: /usr/bin/env chmod 700 /home/footxfrsil/tmp/git-ssh-foot5x5-production-Eti.sh
  INFO [f91c8fe8] Finished in 0.019 seconds with exit status 0 (successful).
  INFO [38882a44] Running /usr/bin/env git ls-remote git@github.com:etistav/foot5x5.git HEAD as footxfrsil@ssh.cluster011.ovh.net
 DEBUG [38882a44] Command: ( export GIT_ASKPASS="/bin/echo" GIT_SSH="/home/footxfrsil/tmp/git-ssh-foot5x5-production-Eti.sh" ; /usr/bin/env git ls-remote git@github.com:etistav/foot5x5.git HEAD )
 DEBUG [38882a44] 	Permission denied (publickey).
 DEBUG [38882a44] 	fatal: The remote end hung up unexpectedly
  INFO ---------------------------------------------------------------------------
  INFO START 2017-11-07 00:17:46 +0100 cap production git:check
  INFO ---------------------------------------------------------------------------
  INFO [1c0257b3] Running /usr/bin/env mkdir -p /home/footxfrsil/tmp as footxfrsil@ssh.cluster011.ovh.net
 DEBUG [1c0257b3] Command: /usr/bin/env mkdir -p /home/footxfrsil/tmp
  INFO [1c0257b3] Finished in 4.007 seconds with exit status 0 (successful).
 DEBUG Uploading /home/footxfrsil/tmp/git-ssh-foot5x5-production-Eti.sh 0.0%
  INFO Uploading /home/footxfrsil/tmp/git-ssh-foot5x5-production-Eti.sh 100.0%
  INFO [aac8a6a4] Running /usr/bin/env chmod 700 /home/footxfrsil/tmp/git-ssh-foot5x5-production-Eti.sh as footxfrsil@ssh.cluster011.ovh.net
 DEBUG [aac8a6a4] Command: /usr/bin/env chmod 700 /home/footxfrsil/tmp/git-ssh-foot5x5-production-Eti.sh
  INFO [aac8a6a4] Finished in 0.020 seconds with exit status 0 (successful).
  INFO [96638078] Running /usr/bin/env git ls-remote git@github.com:etistav/foot5x5.git HEAD as footxfrsil@ssh.cluster011.ovh.net
 DEBUG [96638078] Command: ( export GIT_ASKPASS="/bin/echo" GIT_SSH="/home/footxfrsil/tmp/git-ssh-foot5x5-production-Eti.sh" ; /usr/bin/env git ls-remote git@github.com:etistav/foot5x5.git HEAD )
 DEBUG [96638078] 	@@@@@@@@@@@@@@@@@@@@@@@@@@@@@@@@@@@@@@@@@@@@@@@@@@@@@@@@@@@
 DEBUG [96638078] 	@         WARNING: UNPROTECTED PRIVATE KEY FILE!          @
 DEBUG [96638078] 	@@@@@@@@@@@@@@@@@@@@@@@@@@@@@@@@@@@@@@@@@@@@@@@@@@@@@@@@@@@
 DEBUG [96638078] 	Permissions 0644 for '/homez.2055/footxfrsil/.ssh/id_rsa' are too open.
 DEBUG [96638078] 	It is recommended that your private key files are NOT accessible by others.
 DEBUG [96638078] 	This private key will be ignored.
 DEBUG [96638078] 	bad permissions: ignore key: /homez.2055/footxfrsil/.ssh/id_rsa
 DEBUG [96638078] 	Permission denied (publickey).
 DEBUG [96638078] 	fatal: The remote end hung up unexpectedly
  INFO ---------------------------------------------------------------------------
  INFO START 2017-11-07 00:18:37 +0100 cap production git:check
  INFO ---------------------------------------------------------------------------
  INFO [a1f6386a] Running /usr/bin/env mkdir -p /home/footxfrsil/tmp as footxfrsil@ssh.cluster011.ovh.net
 DEBUG [a1f6386a] Command: /usr/bin/env mkdir -p /home/footxfrsil/tmp
  INFO [a1f6386a] Finished in 4.145 seconds with exit status 0 (successful).
 DEBUG Uploading /home/footxfrsil/tmp/git-ssh-foot5x5-production-Eti.sh 0.0%
  INFO Uploading /home/footxfrsil/tmp/git-ssh-foot5x5-production-Eti.sh 100.0%
  INFO [42d9fa21] Running /usr/bin/env chmod 700 /home/footxfrsil/tmp/git-ssh-foot5x5-production-Eti.sh as footxfrsil@ssh.cluster011.ovh.net
 DEBUG [42d9fa21] Command: /usr/bin/env chmod 700 /home/footxfrsil/tmp/git-ssh-foot5x5-production-Eti.sh
  INFO [42d9fa21] Finished in 0.019 seconds with exit status 0 (successful).
  INFO [a1060487] Running /usr/bin/env git ls-remote git@github.com:etistav/foot5x5.git HEAD as footxfrsil@ssh.cluster011.ovh.net
 DEBUG [a1060487] Command: ( export GIT_ASKPASS="/bin/echo" GIT_SSH="/home/footxfrsil/tmp/git-ssh-foot5x5-production-Eti.sh" ; /usr/bin/env git ls-remote git@github.com:etistav/foot5x5.git HEAD )
 DEBUG [a1060487] 	@@@@@@@@@@@@@@@@@@@@@@@@@@@@@@@@@@@@@@@@@@@@@@@@@@@@@@@@@@@
@         WARNING: UNPROTECTED PRIVATE KEY FILE!          @
@@@@@@@@@@@@@@@@@@@@@@@@@@@@@@@@@@@@@@@@@@@@@@@@@@@@@@@@@@@
Permissions 0644 for '/homez.2055/footxfrsil/.ssh/id_rsa' are too open.
It is recommended that your private key files are NOT accessible by others.
This private key will be ignored.
bad permissions: ignore key: /homez.2055/footxfrsil/.ssh/id_rsa
Permission denied (publickey).
 DEBUG [a1060487] 	fatal: The remote end hung up unexpectedly
  INFO ---------------------------------------------------------------------------
  INFO START 2017-11-07 00:21:55 +0100 cap production git:check
  INFO ---------------------------------------------------------------------------
  INFO [c274e125] Running /usr/bin/env mkdir -p /home/footxfrsil/tmp as footxfrsil@ssh.cluster011.ovh.net
 DEBUG [c274e125] Command: /usr/bin/env mkdir -p /home/footxfrsil/tmp
  INFO [c274e125] Finished in 4.058 seconds with exit status 0 (successful).
 DEBUG Uploading /home/footxfrsil/tmp/git-ssh-foot5x5-production-Eti.sh 0.0%
  INFO Uploading /home/footxfrsil/tmp/git-ssh-foot5x5-production-Eti.sh 100.0%
  INFO [98a4cf77] Running /usr/bin/env chmod 700 /home/footxfrsil/tmp/git-ssh-foot5x5-production-Eti.sh as footxfrsil@ssh.cluster011.ovh.net
 DEBUG [98a4cf77] Command: /usr/bin/env chmod 700 /home/footxfrsil/tmp/git-ssh-foot5x5-production-Eti.sh
  INFO [98a4cf77] Finished in 0.020 seconds with exit status 0 (successful).
  INFO [5bed1eee] Running /usr/bin/env git ls-remote git@github.com:etistav/foot5x5.git HEAD as footxfrsil@ssh.cluster011.ovh.net
 DEBUG [5bed1eee] Command: ( export GIT_ASKPASS="/bin/echo" GIT_SSH="/home/footxfrsil/tmp/git-ssh-foot5x5-production-Eti.sh" ; /usr/bin/env git ls-remote git@github.com:etistav/foot5x5.git HEAD )
 DEBUG [5bed1eee] 	Permission denied (publickey).
 DEBUG [5bed1eee] 	fatal: The remote end hung up unexpectedly
  INFO ---------------------------------------------------------------------------
  INFO START 2017-11-07 00:22:28 +0100 cap production git:check
  INFO ---------------------------------------------------------------------------
  INFO [5a339cd4] Running /usr/bin/env mkdir -p /home/footxfrsil/tmp as footxfrsil@ssh.cluster011.ovh.net
 DEBUG [5a339cd4] Command: /usr/bin/env mkdir -p /home/footxfrsil/tmp
  INFO [5a339cd4] Finished in 3.287 seconds with exit status 0 (successful).
 DEBUG Uploading /home/footxfrsil/tmp/git-ssh-foot5x5-production-Eti.sh 0.0%
  INFO Uploading /home/footxfrsil/tmp/git-ssh-foot5x5-production-Eti.sh 100.0%
  INFO [ff8d5b76] Running /usr/bin/env chmod 700 /home/footxfrsil/tmp/git-ssh-foot5x5-production-Eti.sh as footxfrsil@ssh.cluster011.ovh.net
 DEBUG [ff8d5b76] Command: /usr/bin/env chmod 700 /home/footxfrsil/tmp/git-ssh-foot5x5-production-Eti.sh
  INFO [ff8d5b76] Finished in 0.020 seconds with exit status 0 (successful).
  INFO [ce961833] Running /usr/bin/env git ls-remote git@github.com:etistav/foot5x5.git HEAD as footxfrsil@ssh.cluster011.ovh.net
 DEBUG [ce961833] Command: ( export GIT_ASKPASS="/bin/echo" GIT_SSH="/home/footxfrsil/tmp/git-ssh-foot5x5-production-Eti.sh" ; /usr/bin/env git ls-remote git@github.com:etistav/foot5x5.git HEAD )
 DEBUG [ce961833] 	Permission denied (publickey).
 DEBUG [ce961833] 	fatal: The remote end hung up unexpectedly
  INFO ---------------------------------------------------------------------------
  INFO START 2017-11-07 00:43:48 +0100 cap production git:check
  INFO ---------------------------------------------------------------------------
  INFO [278b24ca] Running /usr/bin/env mkdir -p /home/footxfrsil/tmp as footxfrsil@ssh.cluster011.ovh.net
 DEBUG [278b24ca] Command: /usr/bin/env mkdir -p /home/footxfrsil/tmp
  INFO [278b24ca] Finished in 0.209 seconds with exit status 0 (successful).
 DEBUG Uploading /home/footxfrsil/tmp/git-ssh-foot5x5-production-Eti.sh 0.0%
  INFO Uploading /home/footxfrsil/tmp/git-ssh-foot5x5-production-Eti.sh 100.0%
  INFO [18417ed2] Running /usr/bin/env chmod 700 /home/footxfrsil/tmp/git-ssh-foot5x5-production-Eti.sh as footxfrsil@ssh.cluster011.ovh.net
 DEBUG [18417ed2] Command: /usr/bin/env chmod 700 /home/footxfrsil/tmp/git-ssh-foot5x5-production-Eti.sh
  INFO [18417ed2] Finished in 0.019 seconds with exit status 0 (successful).
  INFO [7c7ae22c] Running /usr/bin/env git ls-remote git@github.com:etistav/foot5x5.git HEAD as footxfrsil@ssh.cluster011.ovh.net
 DEBUG [7c7ae22c] Command: ( export GIT_ASKPASS="/bin/echo" GIT_SSH="/home/footxfrsil/tmp/git-ssh-foot5x5-production-Eti.sh" ; /usr/bin/env git ls-remote git@github.com:etistav/foot5x5.git HEAD )
 DEBUG [7c7ae22c] 	Permission denied (publickey).
 DEBUG [7c7ae22c] 	fatal: The remote end hung up unexpectedly
  INFO ---------------------------------------------------------------------------
  INFO START 2017-11-07 00:44:44 +0100 cap production git
  INFO ---------------------------------------------------------------------------
  INFO ---------------------------------------------------------------------------
  INFO START 2017-11-07 00:45:21 +0100 cap production git:check
  INFO ---------------------------------------------------------------------------
  INFO [e4d5a3f7] Running /usr/bin/env mkdir -p /home/footxfrsil/tmp as footxfrsil@ssh.cluster011.ovh.net
 DEBUG [e4d5a3f7] Command: /usr/bin/env mkdir -p /home/footxfrsil/tmp
  INFO [e4d5a3f7] Finished in 0.225 seconds with exit status 0 (successful).
 DEBUG Uploading /home/footxfrsil/tmp/git-ssh-foot5x5-production-Eti.sh 0.0%
  INFO Uploading /home/footxfrsil/tmp/git-ssh-foot5x5-production-Eti.sh 100.0%
  INFO [f8f42fee] Running /usr/bin/env chmod 700 /home/footxfrsil/tmp/git-ssh-foot5x5-production-Eti.sh as footxfrsil@ssh.cluster011.ovh.net
 DEBUG [f8f42fee] Command: /usr/bin/env chmod 700 /home/footxfrsil/tmp/git-ssh-foot5x5-production-Eti.sh
  INFO [f8f42fee] Finished in 0.019 seconds with exit status 0 (successful).
  INFO [49217c9b] Running /usr/bin/env git ls-remote git@github.com:etistav/foot5x5.git HEAD as footxfrsil@ssh.cluster011.ovh.net
 DEBUG [49217c9b] Command: ( export GIT_ASKPASS="/bin/echo" GIT_SSH="/home/footxfrsil/tmp/git-ssh-foot5x5-production-Eti.sh" ; /usr/bin/env git ls-remote git@github.com:etistav/foot5x5.git HEAD )
 DEBUG [49217c9b] 	Permission denied (publickey).
 DEBUG [49217c9b] 	fatal: The remote end hung up unexpectedly
  INFO ---------------------------------------------------------------------------
  INFO START 2017-11-07 00:51:43 +0100 cap production git:check
  INFO ---------------------------------------------------------------------------
  INFO [b3a75b89] Running /usr/bin/env mkdir -p /home/footxfrsil/tmp as footxfrsil@ssh.cluster011.ovh.net
 DEBUG [b3a75b89] Command: /usr/bin/env mkdir -p /home/footxfrsil/tmp
  INFO [b3a75b89] Finished in 0.241 seconds with exit status 0 (successful).
 DEBUG Uploading /home/footxfrsil/tmp/git-ssh-foot5x5-production-Eti.sh 0.0%
  INFO Uploading /home/footxfrsil/tmp/git-ssh-foot5x5-production-Eti.sh 100.0%
  INFO [a89591bf] Running /usr/bin/env chmod 700 /home/footxfrsil/tmp/git-ssh-foot5x5-production-Eti.sh as footxfrsil@ssh.cluster011.ovh.net
 DEBUG [a89591bf] Command: /usr/bin/env chmod 700 /home/footxfrsil/tmp/git-ssh-foot5x5-production-Eti.sh
  INFO [a89591bf] Finished in 0.020 seconds with exit status 0 (successful).
  INFO [209a38f5] Running /usr/bin/env git ls-remote git@github.com:etistav/foot5x5.git HEAD as footxfrsil@ssh.cluster011.ovh.net
 DEBUG [209a38f5] Command: ( export GIT_ASKPASS="/bin/echo" GIT_SSH="/home/footxfrsil/tmp/git-ssh-foot5x5-production-Eti.sh" ; /usr/bin/env git ls-remote git@github.com:etistav/foot5x5.git HEAD )
 DEBUG [209a38f5] 	Permission denied (publickey).
 DEBUG [209a38f5] 	fatal: The remote end hung up unexpectedly
  INFO ---------------------------------------------------------------------------
  INFO START 2017-11-07 00:57:18 +0100 cap production git:check
  INFO ---------------------------------------------------------------------------
  INFO [c7866378] Running /usr/bin/env mkdir -p /home/footxfrsil/tmp as footxfrsil@ssh.cluster011.ovh.net
 DEBUG [c7866378] Command: /usr/bin/env mkdir -p /home/footxfrsil/tmp
  INFO [c7866378] Finished in 0.640 seconds with exit status 0 (successful).
 DEBUG Uploading /home/footxfrsil/tmp/git-ssh-foot5x5-production-Eti.sh 0.0%
  INFO Uploading /home/footxfrsil/tmp/git-ssh-foot5x5-production-Eti.sh 100.0%
  INFO [b24a2829] Running /usr/bin/env chmod 700 /home/footxfrsil/tmp/git-ssh-foot5x5-production-Eti.sh as footxfrsil@ssh.cluster011.ovh.net
 DEBUG [b24a2829] Command: /usr/bin/env chmod 700 /home/footxfrsil/tmp/git-ssh-foot5x5-production-Eti.sh
  INFO [b24a2829] Finished in 0.020 seconds with exit status 0 (successful).
  INFO [d39a0f64] Running /usr/bin/env git ls-remote git@github.com:etistav/foot5x5.git HEAD as footxfrsil@ssh.cluster011.ovh.net
 DEBUG [d39a0f64] Command: ( export GIT_ASKPASS="/bin/echo" GIT_SSH="/home/footxfrsil/tmp/git-ssh-foot5x5-production-Eti.sh" ; /usr/bin/env git ls-remote git@github.com:etistav/foot5x5.git HEAD )
 DEBUG [d39a0f64] 	Permission denied (publickey).
 DEBUG [d39a0f64] 	fatal: The remote end hung up unexpectedly
  INFO ---------------------------------------------------------------------------
  INFO START 2017-11-07 01:11:41 +0100 cap production git:check
  INFO ---------------------------------------------------------------------------
  INFO [aeb42d22] Running /usr/bin/env mkdir -p /home/footxfrsil/tmp as footxfrsil@ssh.cluster011.ovh.net
 DEBUG [aeb42d22] Command: /usr/bin/env mkdir -p /home/footxfrsil/tmp
  INFO [aeb42d22] Finished in 0.240 seconds with exit status 0 (successful).
 DEBUG Uploading /home/footxfrsil/tmp/git-ssh-foot5x5-production-Eti.sh 0.0%
  INFO Uploading /home/footxfrsil/tmp/git-ssh-foot5x5-production-Eti.sh 100.0%
  INFO [a34655df] Running /usr/bin/env chmod 700 /home/footxfrsil/tmp/git-ssh-foot5x5-production-Eti.sh as footxfrsil@ssh.cluster011.ovh.net
 DEBUG [a34655df] Command: /usr/bin/env chmod 700 /home/footxfrsil/tmp/git-ssh-foot5x5-production-Eti.sh
  INFO [a34655df] Finished in 0.020 seconds with exit status 0 (successful).
  INFO [1abc53c2] Running /usr/bin/env git ls-remote git@github.com:etistav/foot5x5.git HEAD as footxfrsil@ssh.cluster011.ovh.net
 DEBUG [1abc53c2] Command: ( export GIT_ASKPASS="/bin/echo" GIT_SSH="/home/footxfrsil/tmp/git-ssh-foot5x5-production-Eti.sh" ; /usr/bin/env git ls-remote git@github.com:etistav/foot5x5.git HEAD )
 DEBUG [1abc53c2] 	1a1d6de8f1597550afa1907f0c0faf640e1ae999	HEAD
  INFO [1abc53c2] Finished in 1.418 seconds with exit status 0 (successful).
  INFO ---------------------------------------------------------------------------
  INFO START 2017-11-07 01:11:59 +0100 cap production deploy:check
  INFO ---------------------------------------------------------------------------
  INFO [412433a1] Running /usr/bin/env mkdir -p /home/footxfrsil/tmp as footxfrsil@ssh.cluster011.ovh.net
 DEBUG [412433a1] Command: /usr/bin/env mkdir -p /home/footxfrsil/tmp
  INFO [412433a1] Finished in 0.220 seconds with exit status 0 (successful).
 DEBUG Uploading /home/footxfrsil/tmp/git-ssh-foot5x5-production-Eti.sh 0.0%
  INFO Uploading /home/footxfrsil/tmp/git-ssh-foot5x5-production-Eti.sh 100.0%
  INFO [23dab191] Running /usr/bin/env chmod 700 /home/footxfrsil/tmp/git-ssh-foot5x5-production-Eti.sh as footxfrsil@ssh.cluster011.ovh.net
 DEBUG [23dab191] Command: /usr/bin/env chmod 700 /home/footxfrsil/tmp/git-ssh-foot5x5-production-Eti.sh
  INFO [23dab191] Finished in 0.019 seconds with exit status 0 (successful).
  INFO [d1166d34] Running /usr/bin/env git ls-remote git@github.com:etistav/foot5x5.git HEAD as footxfrsil@ssh.cluster011.ovh.net
 DEBUG [d1166d34] Command: ( export GIT_ASKPASS="/bin/echo" GIT_SSH="/home/footxfrsil/tmp/git-ssh-foot5x5-production-Eti.sh" ; /usr/bin/env git ls-remote git@github.com:etistav/foot5x5.git HEAD )
 DEBUG [d1166d34] 	1a1d6de8f1597550afa1907f0c0faf640e1ae999	HEAD
  INFO [d1166d34] Finished in 1.473 seconds with exit status 0 (successful).
  INFO [4a352f5a] Running /usr/bin/env mkdir -p www/shared www/releases as footxfrsil@ssh.cluster011.ovh.net
 DEBUG [4a352f5a] Command: /usr/bin/env mkdir -p www/shared www/releases
  INFO [4a352f5a] Finished in 0.022 seconds with exit status 0 (successful).
  INFO [fd2eac46] Running /usr/bin/env mkdir -p www/shared/web/uploads as footxfrsil@ssh.cluster011.ovh.net
 DEBUG [fd2eac46] Command: /usr/bin/env mkdir -p www/shared/web/uploads
  INFO [fd2eac46] Finished in 0.024 seconds with exit status 0 (successful).
